$myresult: 132.500000
$myresult: 132.500000
$myresult: 132.500000
$myresult: 132.500000
$myresult: 132.500000
$myresult: 132.500000
$myresult: 132.500000
$myresult: 132.500000
$myresult: 132.500000
$myresult: 132.500000
$myresult: 132.500000
$myresult: 132.500000
$myresult: 132.500000
$myresult: 132.500000
$myresult: 132.500000
$myresult: 132.500000
$myresult: 132.500000
$myresult: 132.500000
$myresult: 132.500000
$myresult: 132.500000
$myresult: 132.500000
$myresult: 132.500000
$myresult: 132.500000
$myresult: 132.500000
$myresult: 132.500000
$myresult: 132.500000
$myresult: 132.500000
$myresult: 132.500000
$myresult: 132.500000
$myresult: 132.500000
