asdfasdf
adsfads
$mystring: "Hello world"
5
$mystring: "Hello world"
$mystring: "Hello world"
5
$mystring: "Hello world"
$mystring: "Hello world"
5
$mystring: "Hello world"
adsfads
$mystring: "Hello world"
5
$mystring: "Hello world"
$mystring: "Hello world"
5
$mystring: "Hello world"
$mystring: "Hello world"
5
$mystring: "Hello world"
$mystring: "Hello world"
5
$mystring: "Hello world"
5
$mystring: "Hello world"
$mystring: "Hello world"
$myresult: 132.500000
$myresult: 87
$myresult: 90
$myresult: 6250.000000
$myresult: 8.000000
$myresult: 20.000000
$mystring: "He\lo world MIS!!!"
$mychar: e
$mystring: "Hadsofiashdfoiashdf"
$mystring: "Hadsofiashdfoiashdf"
$mystring: "Hadsofiashdfoiashdf"
$mychar: e
$mychar: e
$mychar: e
$mystring: "Hello world"
5
$mystring: "Hello world"
